0 info it worked if it ends with ok
1 verbose cli [ 'D:\\work\\nodejs\\node.exe',
1 verbose cli   'D:\\work\\nodejs\\node_modules\\npm\\bin\\npm-cli.js',
1 verbose cli   'start' ]
2 info using npm@3.10.10
3 info using node@v6.11.5
4 verbose run-script [ 'prestart', 'start', 'poststart' ]
5 info lifecycle react-template@0.0.1~prestart: react-template@0.0.1
6 silly lifecycle react-template@0.0.1~prestart: no script for prestart, continuing
7 info lifecycle react-template@0.0.1~start: react-template@0.0.1
8 verbose lifecycle react-template@0.0.1~start: unsafe-perm in lifecycle true
9 verbose lifecycle react-template@0.0.1~start: PATH: D:\work\nodejs\node_modules\npm\bin\node-gyp-bin;D:\work\workspace\projects\react-template\node_modules\.bin;C:\Users\badbadgao\bin;D:\work\git\mingw64\bin;D:\work\git\usr\local\bin;D:\work\git\usr\bin;D:\work\git\usr\bin;D:\work\git\mingw64\bin;D:\work\git\usr\bin;C:\Users\badbadgao\bin;C:\Windows\system32;C:\Windows;C:\Windows\System32\Wbem;C:\Windows\System32\WindowsPowerShell\v1.0;C:\Program Files\WIDCOMM\Bluetooth Software;C:\Program Files\WIDCOMM\Bluetooth Software\syswow64;C:\Program Files (x86)\NVIDIA Corporation\PhysX\Common;D:\work\Git\cmd;D:\work\nodejs;C:\Users\badbadgao\AppData\Local\Microsoft\WindowsApps;C:\Users\badbadgao\AppData\Roaming\npm;D:\work\Microsoft VS Code\bin;D:\work\git\usr\bin\vendor_perl;D:\work\git\usr\bin\core_perl
10 verbose lifecycle react-template@0.0.1~start: CWD: D:\work\workspace\projects\react-template
11 silly lifecycle react-template@0.0.1~start: Args: [ '/d /s /c', 'react-scripts start' ]
12 silly lifecycle react-template@0.0.1~start: Returned: code: 1  signal: null
13 info lifecycle react-template@0.0.1~start: Failed to exec start script
14 verbose stack Error: react-template@0.0.1 start: `react-scripts start`
14 verbose stack Exit status 1
14 verbose stack     at EventEmitter.<anonymous> (D:\work\nodejs\node_modules\npm\lib\utils\lifecycle.js:255:16)
14 verbose stack     at emitTwo (events.js:106:13)
14 verbose stack     at EventEmitter.emit (events.js:191:7)
14 verbose stack     at ChildProcess.<anonymous> (D:\work\nodejs\node_modules\npm\lib\utils\spawn.js:40:14)
14 verbose stack     at emitTwo (events.js:106:13)
14 verbose stack     at ChildProcess.emit (events.js:191:7)
14 verbose stack     at maybeClose (internal/child_process.js:920:16)
14 verbose stack     at Process.ChildProcess._handle.onexit (internal/child_process.js:230:5)
15 verbose pkgid react-template@0.0.1
16 verbose cwd D:\work\workspace\projects\react-template
17 error Windows_NT 10.0.15063
18 error argv "D:\\work\\nodejs\\node.exe" "D:\\work\\nodejs\\node_modules\\npm\\bin\\npm-cli.js" "start"
19 error node v6.11.5
20 error npm  v3.10.10
21 error code ELIFECYCLE
22 error react-template@0.0.1 start: `react-scripts start`
22 error Exit status 1
23 error Failed at the react-template@0.0.1 start script 'react-scripts start'.
23 error Make sure you have the latest version of node.js and npm installed.
23 error If you do, this is most likely a problem with the react-template package,
23 error not with npm itself.
23 error Tell the author that this fails on your system:
23 error     react-scripts start
23 error You can get information on how to open an issue for this project with:
23 error     npm bugs react-template
23 error Or if that isn't available, you can get their info via:
23 error     npm owner ls react-template
23 error There is likely additional logging output above.
24 verbose exit [ 1, true ]
